<?xml version="1.0" encoding="UTF-8"?>
<testsuite name="PrimaryTestCases" tests="1" skipped="0" failures="0" errors="0" timestamp="2024-04-16T17:41:23" hostname="KASHISHs-MacBook-Air-2.local" time="1.068">
  <properties/>
  <testcase name="testSort" classname="PrimaryTestCases" time="1.068"/>
  <system-out><![CDATA[Test passed :)
]]></system-out>
  <system-err><![CDATA[]]></system-err>
</testsuite>
